TN:
SF:D:\sprint 3\Sprint 3-OS\app\Components\Com\Com.jsx
FN:12,Com
FN:19,(anonymous_4)
FN:24,(anonymous_5)
FN:29,(anonymous_6)
FN:35,(anonymous_7)
FN:39,(anonymous_8)
FN:43,render
FNF:7
FNH:2
FNDA:1,Com
FNDA:0,(anonymous_4)
FNDA:0,(anonymous_5)
FNDA:0,(anonymous_6)
FNDA:0,(anonymous_7)
FNDA:0,(anonymous_8)
FNDA:1,render
DA:1,1
DA:2,1
DA:3,1
DA:4,1
DA:5,1
DA:6,1
DA:7,1
DA:8,1
DA:10,1
DA:11,1
DA:12,1
DA:14,1
DA:15,1
DA:16,1
DA:19,1
DA:20,0
DA:21,0
DA:24,1
DA:25,0
DA:26,0
DA:29,1
DA:30,0
DA:32,0
DA:35,1
DA:36,0
DA:39,1
DA:40,0
DA:44,1
DA:46,1
DA:88,1
LF:30
LH:22
BRDA:64,4,0,1
BRDA:64,4,1,1
BRDA:71,5,0,1
BRDA:71,5,1,0
BRDA:77,6,0,1
BRDA:77,6,1,0
BRF:6
BRH:4
end_of_record
TN:
SF:D:\sprint 3\Sprint 3-OS\app\Components\Com\ComBusinessInfo\ComBusinessInfo.jsx
FN:40,ComBusinessInfo
FN:61,onClick
FN:81,onClick
FNF:3
FNH:1
FNDA:1,ComBusinessInfo
FNDA:0,onClick
FNDA:0,onClick
DA:1,1
DA:3,1
DA:6,1
DA:7,1
DA:8,1
DA:10,1
DA:24,1
DA:40,1
DA:41,1
DA:44,1
DA:61,0
DA:81,0
DA:109,1
LF:13
LH:11
BRDA:96,3,0,1
BRDA:96,3,1,1
BRDA:100,4,0,1
BRDA:100,4,1,0
BRF:4
BRH:3
end_of_record
TN:
SF:D:\sprint 3\Sprint 3-OS\app\Components\Com\ComBusinessInfo\SmallBusiness\SmallBusiness.jsx
FN:8,required
FN:9,positiveValue
FN:12,validate
FN:27,renderField
FN:41,phoneChange
FN:62,customPhoneField
FN:77,normalizeZip
FN:85,SmallBusiness
FNF:8
FNH:0
FNDA:0,required
FNDA:0,positiveValue
FNDA:0,validate
FNDA:0,renderField
FNDA:0,phoneChange
FNDA:0,customPhoneField
FNDA:0,normalizeZip
FNDA:0,SmallBusiness
DA:1,1
DA:2,1
DA:3,1
DA:4,1
DA:5,1
DA:6,1
DA:8,1
DA:9,1
DA:10,0
DA:12,1
DA:13,0
DA:15,0
DA:17,0
DA:19,0
DA:20,0
DA:21,0
DA:22,0
DA:24,0
DA:27,1
DA:28,0
DA:30,0
DA:41,1
DA:42,0
DA:43,0
DA:44,0
DA:45,0
DA:46,0
DA:47,0
DA:48,0
DA:49,0
DA:53,0
DA:54,0
DA:55,0
DA:56,0
DA:57,0
DA:62,1
DA:63,0
DA:65,0
DA:77,1
DA:78,0
DA:79,0
DA:81,0
DA:82,0
DA:85,1
DA:86,0
DA:92,0
DA:153,1
DA:158,1
LF:48
LH:16
BRDA:8,3,0,0
BRDA:8,3,1,0
BRDA:10,4,0,0
BRDA:10,4,1,0
BRDA:10,5,0,0
BRDA:10,5,1,0
BRDA:19,6,0,0
BRDA:19,6,1,0
BRDA:21,7,0,0
BRDA:21,7,1,0
BRDA:37,8,0,0
BRDA:37,8,1,0
BRDA:37,8,2,0
BRDA:45,9,0,0
BRDA:45,9,1,0
BRDA:46,10,0,0
BRDA:46,10,1,0
BRDA:48,11,0,0
BRDA:48,11,1,0
BRDA:53,12,0,0
BRDA:53,12,1,0
BRDA:54,13,0,0
BRDA:54,13,1,0
BRDA:56,14,0,0
BRDA:56,14,1,0
BRDA:73,15,0,0
BRDA:73,15,1,0
BRDA:73,15,2,0
BRDA:78,16,0,0
BRDA:78,16,1,0
BRF:30
BRH:0
end_of_record
TN:
SF:D:\sprint 3\Sprint 3-OS\app\Components\FloatingLabel\FloatingLabel.jsx
FN:55,floatingLabelField
FNF:1
FNH:1
FNDA:35,floatingLabelField
DA:1,1
DA:2,1
DA:3,1
DA:10,1
DA:13,1
DA:55,1
DA:56,35
DA:59,35
DA:76,1
LF:9
LH:9
BRDA:60,3,0,35
BRDA:60,3,1,1
BRDA:60,3,2,1
BRDA:63,4,0,35
BRDA:63,4,1,18
BRDA:69,5,0,35
BRDA:69,5,1,1
BRDA:69,5,2,1
BRF:8
BRH:8
end_of_record
TN:
SF:D:\sprint 3\Sprint 3-OS\app\Components\Com\ComBusinessInfo\Corporation\Corporation.jsx
FN:13,required
FN:15,positiveValue
FN:18,validate
FN:33,renderField
FN:48,FieldFileInput
FN:58,onChange
FN:66,phoneChange
FN:87,customPhoneField
FN:102,normalizeZip
FN:119,Corporation
FNF:10
FNH:0
FNDA:0,required
FNDA:0,positiveValue
FNDA:0,validate
FNDA:0,renderField
FNDA:0,FieldFileInput
FNDA:0,onChange
FNDA:0,phoneChange
FNDA:0,customPhoneField
FNDA:0,normalizeZip
FNDA:0,Corporation
DA:1,1
DA:2,1
DA:6,1
DA:7,1
DA:8,1
DA:9,1
DA:13,1
DA:15,1
DA:16,0
DA:18,1
DA:19,0
DA:21,0
DA:23,0
DA:25,0
DA:26,0
DA:27,0
DA:28,0
DA:30,0
DA:33,1
DA:34,0
DA:36,0
DA:48,1
DA:49,0
DA:51,0
DA:58,0
DA:66,1
DA:67,0
DA:68,0
DA:69,0
DA:70,0
DA:71,0
DA:72,0
DA:73,0
DA:74,0
DA:77,0
DA:78,0
DA:79,0
DA:80,0
DA:81,0
DA:82,0
DA:87,1
DA:88,0
DA:90,0
DA:102,1
DA:103,0
DA:104,0
DA:106,0
DA:107,0
DA:119,1
DA:121,0
DA:125,0
DA:213,1
DA:218,1
LF:53
LH:17
BRDA:13,3,0,0
BRDA:13,3,1,0
BRDA:16,4,0,0
BRDA:16,4,1,0
BRDA:16,5,0,0
BRDA:16,5,1,0
BRDA:25,6,0,0
BRDA:25,6,1,0
BRDA:27,7,0,0
BRDA:27,7,1,0
BRDA:43,8,0,0
BRDA:43,8,1,0
BRDA:43,8,2,0
BRDA:60,9,0,0
BRDA:60,9,1,0
BRDA:60,9,2,0
BRDA:70,10,0,0
BRDA:70,10,1,0
BRDA:71,11,0,0
BRDA:71,11,1,0
BRDA:73,12,0,0
BRDA:73,12,1,0
BRDA:78,13,0,0
BRDA:78,13,1,0
BRDA:79,14,0,0
BRDA:79,14,1,0
BRDA:81,15,0,0
BRDA:81,15,1,0
BRDA:98,16,0,0
BRDA:98,16,1,0
BRDA:98,16,2,0
BRDA:103,17,0,0
BRDA:103,17,1,0
BRF:33
BRH:0
end_of_record
TN:
SF:D:\sprint 3\Sprint 3-OS\app\Components\Com\Quickverify\Quickverify.jsx
FN:7,validate
FN:22,normalizeCard
FN:52,renderField
FN:62,normalizeZip
FN:72,QuickVerify
FN:80,(anonymous_8)
FN:86,render
FNF:7
FNH:0
FNDA:0,validate
FNDA:0,normalizeCard
FNDA:0,renderField
FNDA:0,normalizeZip
FNDA:0,QuickVerify
FNDA:0,(anonymous_8)
FNDA:0,render
DA:1,1
DA:2,1
DA:3,1
DA:4,1
DA:5,1
DA:7,1
DA:8,0
DA:9,0
DA:10,0
DA:11,0
DA:12,0
DA:13,0
DA:14,0
DA:15,0
DA:16,0
DA:19,0
DA:22,1
DA:23,0
DA:24,0
DA:26,0
DA:27,0
DA:29,0
DA:30,0
DA:32,0
DA:33,0
DA:35,0
DA:36,0
DA:39,0
DA:40,0
DA:42,0
DA:43,0
DA:45,0
DA:46,0
DA:48,0
DA:52,1
DA:53,0
DA:55,0
DA:62,1
DA:63,0
DA:64,0
DA:66,0
DA:67,0
DA:71,1
DA:72,1
DA:73,0
DA:74,0
DA:80,0
DA:81,0
DA:87,0
DA:88,0
DA:90,0
DA:144,1
LF:52
LH:12
BRDA:9,3,0,0
BRDA:9,3,1,0
BRDA:11,4,0,0
BRDA:11,4,1,0
BRDA:13,5,0,0
BRDA:13,5,1,0
BRDA:15,6,0,0
BRDA:15,6,1,0
BRDA:23,7,0,0
BRDA:23,7,1,0
BRDA:27,8,0,0
BRDA:27,8,1,0
BRDA:27,9,0,0
BRDA:27,9,1,0
BRDA:29,10,0,0
BRDA:29,10,1,0
BRDA:32,11,0,0
BRDA:32,11,1,0
BRDA:35,12,0,0
BRDA:35,12,1,0
BRDA:39,13,0,0
BRDA:39,13,1,0
BRDA:42,14,0,0
BRDA:42,14,1,0
BRDA:45,15,0,0
BRDA:45,15,1,0
BRDA:58,16,0,0
BRDA:58,16,1,0
BRDA:58,16,2,0
BRDA:63,17,0,0
BRDA:63,17,1,0
BRDA:73,18,0,0
BRDA:73,18,1,0
BRDA:135,19,0,0
BRDA:135,19,1,0
BRF:35
BRH:0
end_of_record
TN:
SF:D:\sprint 3\Sprint 3-OS\app\Components\ShoppingPreference\ShoppingPreference.jsx
FN:11,ShoppingPreference
FN:31,(anonymous_4)
FN:51,(anonymous_5)
FN:65,(anonymous_6)
FN:75,(anonymous_7)
FN:77,(anonymous_8)
FN:83,(anonymous_9)
FN:94,(anonymous_10)
FN:109,(anonymous_11)
FN:111,onClick
FN:119,(anonymous_13)
FN:121,onClick
FN:133,(anonymous_15)
FN:137,(anonymous_16)
FN:23,componentWillMount
FN:27,componentWillUnmount
FN:150,render
FN:158,ref
FN:164,ref
FN:180,(anonymous_22)
FN:185,onClick
FNF:21
FNH:0
FNDA:0,ShoppingPreference
FNDA:0,(anonymous_4)
FNDA:0,(anonymous_5)
FNDA:0,(anonymous_6)
FNDA:0,(anonymous_7)
FNDA:0,(anonymous_8)
FNDA:0,(anonymous_9)
FNDA:0,(anonymous_10)
FNDA:0,(anonymous_11)
FNDA:0,onClick
FNDA:0,(anonymous_13)
FNDA:0,onClick
FNDA:0,(anonymous_15)
FNDA:0,(anonymous_16)
FNDA:0,componentWillMount
FNDA:0,componentWillUnmount
FNDA:0,render
FNDA:0,ref
FNDA:0,ref
FNDA:0,(anonymous_22)
FNDA:0,onClick
DA:1,1
DA:2,1
DA:3,1
DA:4,1
DA:5,1
DA:6,1
DA:7,1
DA:8,1
DA:10,1
DA:11,1
DA:12,0
DA:13,0
DA:20,0
DA:24,0
DA:28,0
DA:31,0
DA:32,0
DA:34,0
DA:35,0
DA:36,0
DA:42,0
DA:44,0
DA:49,0
DA:51,0
DA:52,0
DA:55,0
DA:57,0
DA:65,0
DA:66,0
DA:67,0
DA:68,0
DA:69,0
DA:75,0
DA:76,0
DA:77,0
DA:78,0
DA:83,0
DA:84,0
DA:85,0
DA:86,0
DA:87,0
DA:94,0
DA:95,0
DA:96,0
DA:100,0
DA:103,0
DA:110,0
DA:111,0
DA:120,0
DA:121,0
DA:133,0
DA:134,0
DA:137,0
DA:138,0
DA:139,0
DA:140,0
DA:141,0
DA:142,0
DA:151,0
DA:152,0
DA:154,0
DA:156,0
DA:158,0
DA:164,0
DA:181,0
DA:185,0
DA:215,1
LF:67
LH:11
BRDA:12,3,0,0
BRDA:12,3,1,0
BRDA:34,4,0,0
BRDA:34,4,1,0
BRDA:55,5,0,0
BRDA:55,5,1,0
BRDA:67,6,0,0
BRDA:67,6,1,0
BRDA:100,7,0,0
BRDA:100,7,1,0
BRDA:107,8,0,0
BRDA:107,8,1,0
BRDA:138,9,0,0
BRDA:138,9,1,0
BRDA:165,10,0,0
BRDA:165,10,1,0
BRDA:179,11,0,0
BRDA:179,11,1,0
BRDA:205,12,0,0
BRDA:205,12,1,0
BRDA:205,13,0,0
BRDA:205,13,1,0
BRF:22
BRH:0
end_of_record
TN:
SF:D:\sprint 3\Sprint 3-OS\app\history.jsx
FNF:0
FNH:0
DA:1,1
DA:3,1
LF:2
LH:2
BRF:0
BRH:0
end_of_record
TN:
SF:D:\sprint 3\Sprint 3-OS\app\Components\CreateAccount\CreateAccount.jsx
FN:5,validate
FN:31,renderField
FN:54,componentDidMount
FN:64,render
FN:66,handleSubmitForm
FN:109,onClick
FNF:6
FNH:0
FNDA:0,validate
FNDA:0,renderField
FNDA:0,componentDidMount
FNDA:0,render
FNDA:0,handleSubmitForm
FNDA:0,onClick
DA:1,1
DA:2,1
DA:3,1
DA:5,1
DA:6,0
DA:8,0
DA:9,0
DA:10,0
DA:12,0
DA:14,0
DA:15,0
DA:16,0
DA:17,0
DA:20,0
DA:21,0
DA:22,0
DA:23,0
DA:24,0
DA:25,0
DA:27,0
DA:31,1
DA:32,0
DA:35,0
DA:53,1
DA:55,0
DA:65,0
DA:66,0
DA:68,0
DA:69,0
DA:70,0
DA:71,0
DA:72,0
DA:73,0
DA:75,0
DA:79,0
DA:109,0
DA:121,1
DA:126,1
LF:38
LH:8
BRDA:14,3,0,0
BRDA:14,3,1,0
BRDA:16,4,0,0
BRDA:16,4,1,0
BRDA:20,5,0,0
BRDA:20,5,1,0
BRDA:22,6,0,0
BRDA:22,6,1,0
BRDA:24,7,0,0
BRDA:24,7,1,0
BRDA:46,8,0,0
BRDA:46,8,1,0
BRDA:46,8,2,0
BRDA:72,10,0,0
BRDA:72,10,1,0
BRF:15
BRH:0
end_of_record
TN:
SF:D:\sprint 3\Sprint 3-OS\app\Components\Model\Model.jsx
FN:7,ModalPopup
FN:28,onClick
FNF:2
FNH:0
FNDA:0,ModalPopup
FNDA:0,onClick
DA:1,1
DA:2,1
DA:3,1
DA:4,1
DA:5,1
DA:7,1
DA:8,0
DA:10,0
DA:28,0
DA:34,1
LF:10
LH:7
BRF:0
BRH:0
end_of_record
TN:
SF:D:\sprint 3\Sprint 3-OS\app\Components\Exitaccount\Exitaccount.jsx
FN:12,validate
FN:33,Exitaccount
FN:39,(anonymous_5)
FN:45,handleChange
FN:53,render
FN:56,handleSubmitForm
FN:83,onClick
FN:171,onClick
FNF:8
FNH:0
FNDA:0,validate
FNDA:0,Exitaccount
FNDA:0,(anonymous_5)
FNDA:0,handleChange
FNDA:0,render
FNDA:0,handleSubmitForm
FNDA:0,onClick
FNDA:0,onClick
DA:1,1
DA:2,1
DA:3,1
DA:4,1
DA:5,1
DA:9,1
DA:10,1
DA:12,1
DA:13,0
DA:15,0
DA:16,0
DA:18,0
DA:19,0
DA:20,0
DA:21,0
DA:24,0
DA:25,0
DA:27,0
DA:32,1
DA:33,1
DA:35,0
DA:36,0
DA:39,0
DA:40,0
DA:46,0
DA:47,0
DA:54,0
DA:55,0
DA:56,0
DA:57,0
DA:58,0
DA:61,0
DA:79,0
DA:83,0
DA:96,0
DA:171,0
DA:183,1
DA:188,1
LF:38
LH:12
BRDA:18,3,0,0
BRDA:18,3,1,0
BRDA:20,4,0,0
BRDA:20,4,1,0
BRDA:24,5,0,0
BRDA:24,5,1,0
BRDA:63,7,0,0
BRDA:63,7,1,0
BRDA:81,8,0,0
BRDA:81,8,1,0
BRF:10
BRH:0
end_of_record
TN:
SF:D:\sprint 3\Sprint 3-OS\app\Components\Footer\FooterComponent.jsx
FN:6,FooterComponent
FNF:1
FNH:0
FNDA:0,FooterComponent
DA:1,1
DA:2,1
DA:3,1
DA:6,1
DA:7,0
DA:41,1
LF:6
LH:5
BRF:0
BRH:0
end_of_record
TN:
SF:D:\sprint 3\Sprint 3-OS\app\Components\FooterDetail\FooterDetail.jsx
FN:17,componentDidMount
FN:24,componentWillUnmount
FN:29,scrollToTop
FN:33,designer
FN:37,government
FN:41,corporate
FN:45,business
FN:49,render
FNF:8
FNH:2
FNDA:1,componentDidMount
FNDA:0,componentWillUnmount
FNDA:0,scrollToTop
FNDA:0,designer
FNDA:0,government
FNDA:0,corporate
FNDA:0,business
FNDA:1,render
DA:1,1
DA:2,1
DA:3,1
DA:6,1
DA:10,1
DA:11,1
DA:16,1
DA:18,1
DA:20,1
DA:21,1
DA:25,0
DA:26,0
DA:30,0
DA:34,0
DA:38,0
DA:42,0
DA:46,0
DA:51,1
DA:416,1
LF:19
LH:12
BRF:0
BRH:0
end_of_record
TN:
SF:D:\sprint 3\Sprint 3-OS\app\Components\FooterDetail\ShopSocial.jsx
FN:9,ShopSocial
FNF:1
FNH:1
FNDA:1,ShopSocial
DA:1,1
DA:2,1
DA:6,1
DA:9,1
DA:10,1
DA:258,1
LF:6
LH:6
BRF:0
BRH:0
end_of_record
TN:
SF:D:\sprint 3\Sprint 3-OS\app\Components\ForgotPassword\ForgotPassword.jsx
FN:10,validate
FN:47,componentDidMount
FN:51,escFunction
FN:57,render
FN:59,handleSubmitForm
FNF:5
FNH:0
FNDA:0,validate
FNDA:0,componentDidMount
FNDA:0,escFunction
FNDA:0,render
FNDA:0,handleSubmitForm
DA:1,1
DA:2,1
DA:3,1
DA:4,1
DA:5,1
DA:8,1
DA:10,1
DA:11,0
DA:12,0
DA:14,0
DA:16,0
DA:17,0
DA:20,0
DA:21,0
DA:24,0
DA:25,0
DA:27,0
DA:28,0
DA:29,0
DA:30,0
DA:31,0
DA:32,0
DA:34,0
DA:35,0
DA:36,0
DA:37,0
DA:38,0
DA:39,0
DA:42,0
DA:46,1
DA:52,0
DA:53,0
DA:58,0
DA:59,0
DA:60,0
DA:61,0
DA:64,0
DA:87,1
LF:38
LH:9
BRDA:16,3,0,0
BRDA:16,3,1,0
BRDA:20,4,0,0
BRDA:20,4,1,0
BRDA:24,5,0,0
BRDA:24,5,1,0
BRDA:27,6,0,0
BRDA:27,6,1,0
BRDA:29,7,0,0
BRDA:29,7,1,0
BRDA:31,8,0,0
BRDA:31,8,1,0
BRDA:34,9,0,0
BRDA:34,9,1,0
BRDA:36,10,0,0
BRDA:36,10,1,0
BRDA:38,11,0,0
BRDA:38,11,1,0
BRDA:52,13,0,0
BRDA:52,13,1,0
BRF:20
BRH:0
end_of_record
TN:
SF:D:\sprint 3\Sprint 3-OS\app\Components\ForgotPassword\ForgotPasswordEmailTemplate\EmailFooter.jsx
FN:9,EmailFooter
FNF:1
FNH:0
FNDA:0,EmailFooter
DA:1,1
DA:2,1
DA:6,1
DA:9,1
DA:10,0
DA:258,1
LF:6
LH:5
BRF:0
BRH:0
end_of_record
TN:
SF:D:\sprint 3\Sprint 3-OS\app\Components\ForgotPassword\ForgotPasswordEmailTemplate\ForgotPasswordEmailTemplate.jsx
FN:6,ForgotPasswordEmailTemplate
FN:20,onClick
FNF:2
FNH:0
FNDA:0,ForgotPasswordEmailTemplate
FNDA:0,onClick
DA:1,1
DA:2,1
DA:3,1
DA:4,1
DA:6,1
DA:7,0
DA:20,0
DA:31,1
LF:8
LH:6
BRF:0
BRH:0
end_of_record
TN:
SF:D:\sprint 3\Sprint 3-OS\app\Components\ForgotPassword\password.jsx
FN:10,Password
FN:15,(anonymous_4)
FN:20,(anonymous_5)
FN:25,(anonymous_6)
FN:30,(anonymous_7)
FN:34,render
FNF:6
FNH:0
FNDA:0,Password
FNDA:0,(anonymous_4)
FNDA:0,(anonymous_5)
FNDA:0,(anonymous_6)
FNDA:0,(anonymous_7)
FNDA:0,render
DA:1,1
DA:2,1
DA:3,1
DA:4,1
DA:5,1
DA:6,1
DA:8,1
DA:9,1
DA:10,1
DA:12,0
DA:15,0
DA:16,0
DA:17,0
DA:20,0
DA:21,0
DA:22,0
DA:25,0
DA:26,0
DA:27,0
DA:30,0
DA:31,0
DA:35,0
DA:37,0
DA:55,1
LF:24
LH:10
BRDA:38,4,0,0
BRDA:38,4,1,0
BRDA:43,5,0,0
BRDA:43,5,1,0
BRF:4
BRH:0
end_of_record
TN:
SF:D:\sprint 3\Sprint 3-OS\app\Components\ForgotPassword\SendEmail\SendEmail.jsx
FN:14,validate
FN:34,SendEmail
FN:66,mapStateToProps
FNF:3
FNH:0
FNDA:0,validate
FNDA:0,SendEmail
FNDA:0,mapStateToProps
DA:1,1
DA:2,1
DA:3,1
DA:4,1
DA:7,1
DA:9,1
DA:10,1
DA:14,1
DA:15,0
DA:17,0
DA:19,0
DA:20,0
DA:21,0
DA:22,0
DA:23,0
DA:26,0
DA:34,1
DA:35,0
DA:39,0
DA:61,1
DA:66,1
DA:73,1
LF:22
LH:12
BRDA:20,3,0,0
BRDA:20,3,1,0
BRDA:22,4,0,0
BRDA:22,4,1,0
BRF:4
BRH:0
end_of_record
TN:
SF:D:\sprint 3\Sprint 3-OS\app\Components\ForgotPassword\ForgotPasswordReverify\ForgotPasswordReverify.jsx
FN:8,ForgotPasswordReverify
FN:22,onClick
FNF:2
FNH:0
FNDA:0,ForgotPasswordReverify
FNDA:0,onClick
DA:1,1
DA:2,1
DA:5,1
DA:6,1
DA:8,1
DA:9,0
DA:22,0
DA:32,1
LF:8
LH:6
BRF:0
BRH:0
end_of_record
TN:
SF:D:\sprint 3\Sprint 3-OS\app\Components\Govt\Govt.jsx
FN:11,Govt
FN:16,(anonymous_4)
FN:21,(anonymous_5)
FN:26,(anonymous_6)
FN:31,(anonymous_7)
FN:35,render
FNF:6
FNH:0
FNDA:0,Govt
FNDA:0,(anonymous_4)
FNDA:0,(anonymous_5)
FNDA:0,(anonymous_6)
FNDA:0,(anonymous_7)
FNDA:0,render
DA:1,1
DA:2,1
DA:3,1
DA:4,1
DA:5,1
DA:6,1
DA:7,1
DA:9,1
DA:10,1
DA:11,1
DA:13,0
DA:16,0
DA:17,0
DA:18,0
DA:21,0
DA:22,0
DA:23,0
DA:26,0
DA:27,0
DA:28,0
DA:31,0
DA:32,0
DA:36,0
DA:38,0
DA:70,1
LF:25
LH:11
BRDA:53,4,0,0
BRDA:53,4,1,0
BRDA:58,5,0,0
BRDA:58,5,1,0
BRF:4
BRH:0
end_of_record
TN:
SF:D:\sprint 3\Sprint 3-OS\app\Components\Govt\GovtBusinessInfo\GovtBusinessInfo.jsx
FN:15,required
FN:16,positiveValue
FN:20,validate
FN:36,renderField
FN:50,renderDropDown
FN:56,(anonymous_7)
FN:67,phoneChange
FN:88,customPhoneField
FN:103,normalizeZip
FN:113,render
FN:193,mapStateToProps
FN:198,matchDispatchToProps
FNF:12
FNH:0
FNDA:0,required
FNDA:0,positiveValue
FNDA:0,validate
FNDA:0,renderField
FNDA:0,renderDropDown
FNDA:0,(anonymous_7)
FNDA:0,phoneChange
FNDA:0,customPhoneField
FNDA:0,normalizeZip
FNDA:0,render
FNDA:0,mapStateToProps
FNDA:0,matchDispatchToProps
DA:1,1
DA:2,1
DA:4,1
DA:5,1
DA:6,1
DA:7,1
DA:8,1
DA:9,1
DA:11,1
DA:12,1
DA:15,1
DA:16,1
DA:17,0
DA:20,1
DA:21,0
DA:23,0
DA:25,0
DA:27,0
DA:28,0
DA:29,0
DA:30,0
DA:32,0
DA:36,1
DA:37,0
DA:39,0
DA:50,1
DA:51,0
DA:57,0
DA:67,1
DA:68,0
DA:69,0
DA:70,0
DA:71,0
DA:72,0
DA:73,0
DA:74,0
DA:75,0
DA:79,0
DA:80,0
DA:81,0
DA:82,0
DA:83,0
DA:88,1
DA:89,0
DA:91,0
DA:103,1
DA:104,0
DA:105,0
DA:107,0
DA:108,0
DA:112,1
DA:114,0
DA:117,0
DA:178,1
DA:183,1
DA:191,1
DA:193,1
DA:198,1
DA:204,1
LF:59
LH:25
BRDA:15,3,0,0
BRDA:15,3,1,0
BRDA:17,4,0,0
BRDA:17,4,1,0
BRDA:17,5,0,0
BRDA:17,5,1,0
BRDA:27,6,0,0
BRDA:27,6,1,0
BRDA:29,7,0,0
BRDA:29,7,1,0
BRDA:46,8,0,0
BRDA:46,8,1,0
BRDA:46,8,2,0
BRDA:63,9,0,0
BRDA:63,9,1,0
BRDA:63,9,2,0
BRDA:71,10,0,0
BRDA:71,10,1,0
BRDA:72,11,0,0
BRDA:72,11,1,0
BRDA:74,12,0,0
BRDA:74,12,1,0
BRDA:79,13,0,0
BRDA:79,13,1,0
BRDA:80,14,0,0
BRDA:80,14,1,0
BRDA:82,15,0,0
BRDA:82,15,1,0
BRDA:99,16,0,0
BRDA:99,16,1,0
BRDA:99,16,2,0
BRDA:104,17,0,0
BRDA:104,17,1,0
BRF:33
BRH:0
end_of_record
TN:
SF:D:\sprint 3\Sprint 3-OS\app\actions\LoginAction.js
FN:3,loginValues
FN:8,getEmailId
FNF:2
FNH:0
FNDA:0,loginValues
FNDA:0,getEmailId
DA:1,1
DA:3,1
DA:8,1
DA:13,1
LF:4
LH:4
BRF:0
BRH:0
end_of_record
TN:
SF:D:\sprint 3\Sprint 3-OS\app\Components\Header\HeaderComponent.jsx
FN:6,HeaderComponent
FN:9,onClick
FNF:2
FNH:1
FNDA:1,HeaderComponent
FNDA:0,onClick
DA:1,1
DA:2,1
DA:3,1
DA:4,1
DA:6,1
DA:7,1
DA:9,0
DA:16,1
LF:8
LH:7
BRF:0
BRH:0
end_of_record
TN:
SF:D:\sprint 3\Sprint 3-OS\app\Components\HomePage\HomePage.jsx
FN:11,HomePage
FN:16,(anonymous_4)
FN:22,render
FNF:3
FNH:2
FNDA:1,HomePage
FNDA:0,(anonymous_4)
FNDA:1,render
DA:1,1
DA:2,1
DA:3,1
DA:5,1
DA:10,1
DA:11,1
DA:13,1
DA:16,1
DA:18,0
DA:19,0
DA:23,1
DA:25,1
DA:35,1
LF:13
LH:11
BRDA:28,4,0,1
BRDA:28,4,1,1
BRF:2
BRH:2
end_of_record
TN:
SF:D:\sprint 3\Sprint 3-OS\app\Components\Model\SuccessPopup.jsx
FN:6,ModalPopup
FNF:1
FNH:0
FNDA:0,ModalPopup
DA:1,1
DA:2,1
DA:3,1
DA:4,1
DA:6,1
DA:8,0
DA:11,0
DA:37,1
LF:8
LH:6
BRDA:13,3,0,0
BRDA:13,3,1,0
BRDA:15,4,0,0
BRDA:15,4,1,0
BRDA:21,5,0,0
BRDA:21,5,1,0
BRDA:28,6,0,0
BRDA:28,6,1,0
BRF:8
BRH:0
end_of_record
TN:
SF:D:\sprint 3\Sprint 3-OS\app\Components\Layout.jsx
FN:6,Layout
FNF:1
FNH:1
FNDA:1,Layout
DA:1,1
DA:2,1
DA:3,1
DA:4,1
DA:6,1
DA:7,1
DA:13,1
DA:17,1
LF:8
LH:8
BRF:0
BRH:0
end_of_record
TN:
SF:D:\sprint 3\Sprint 3-OS\app\Components\PrivateRouter\PrivateRouter.jsx
FN:4,PrivateRoute
FN:7,render
FNF:2
FNH:0
FNDA:0,PrivateRoute
FNDA:0,render
DA:1,1
DA:2,1
DA:4,1
DA:5,0
DA:8,0
DA:14,1
LF:6
LH:4
BRDA:9,3,0,0
BRDA:9,3,1,0
BRF:2
BRH:0
end_of_record
TN:
SF:D:\sprint 3\Sprint 3-OS\app\Components\ShopYesorNo\ShopYesorNo.jsx
FN:6,ShopYesorNo
FN:9,onClick
FN:10,onClick
FNF:3
FNH:0
FNDA:0,ShopYesorNo
FNDA:0,onClick
FNDA:0,onClick
DA:1,1
DA:2,1
DA:3,1
DA:4,1
DA:6,1
DA:7,0
DA:9,0
DA:10,0
DA:17,1
LF:9
LH:6
BRF:0
BRH:0
end_of_record
TN:
SF:D:\sprint 3\Sprint 3-OS\app\Components\Signup\SignupPage.jsx
FN:16,SignupPage
FNF:1
FNH:1
FNDA:1,SignupPage
DA:1,1
DA:2,1
DA:3,1
DA:6,1
DA:7,1
DA:8,1
DA:9,1
DA:10,1
DA:11,1
DA:12,1
DA:13,1
DA:16,1
DA:17,1
DA:19,1
DA:77,1
LF:15
LH:15
BRDA:48,3,0,1
BRDA:48,3,1,1
BRDA:48,3,2,1
BRDA:49,4,0,1
BRDA:49,4,1,1
BRDA:49,4,2,0
BRF:6
BRH:5
end_of_record
TN:
SF:D:\sprint 3\Sprint 3-OS\app\Components\Signup\SignupForm.jsx
FN:15,(anonymous_2)
FN:20,validate
FN:66,SignupForm
FN:77,(anonymous_6)
FN:83,(anonymous_7)
FN:93,(anonymous_8)
FN:109,(anonymous_9)
FN:150,render
FN:155,handlePagesOnSubmit
FN:188,onFocus
FN:191,onBlur
FN:253,mapStateToProps
FNF:12
FNH:9
FNDA:3,(anonymous_2)
FNDA:43,validate
FNDA:35,SignupForm
FNDA:1,(anonymous_6)
FNDA:3,(anonymous_7)
FNDA:1,(anonymous_8)
FNDA:0,(anonymous_9)
FNDA:37,render
FNDA:1,handlePagesOnSubmit
FNDA:0,onFocus
FNDA:0,onBlur
FNDA:17,mapStateToProps
DA:1,1
DA:2,1
DA:5,1
DA:7,1
DA:8,1
DA:9,1
DA:10,1
DA:11,1
DA:12,1
DA:14,1
DA:16,3
DA:17,3
DA:18,3
DA:20,1
DA:21,43
DA:23,43
DA:24,43
DA:25,43
DA:27,43
DA:28,43
DA:29,41
DA:30,2
DA:31,1
DA:34,43
DA:35,43
DA:36,43
DA:37,43
DA:38,43
DA:40,43
DA:41,38
DA:42,5
DA:43,2
DA:44,3
DA:45,1
DA:46,2
DA:47,0
DA:51,2
DA:52,1
DA:56,1
DA:57,1
DA:62,43
DA:65,1
DA:66,1
DA:68,35
DA:73,35
DA:74,35
DA:77,35
DA:78,1
DA:83,35
DA:84,3
DA:85,2
DA:86,2
DA:87,0
DA:88,0
DA:90,2
DA:93,35
DA:94,1
DA:95,1
DA:96,1
DA:99,0
DA:100,0
DA:101,0
DA:109,35
DA:110,0
DA:111,0
DA:113,0
DA:114,0
DA:115,0
DA:119,0
DA:120,0
DA:121,0
DA:122,0
DA:124,0
DA:125,0
DA:130,0
DA:131,0
DA:132,0
DA:134,0
DA:135,0
DA:140,0
DA:141,0
DA:142,0
DA:143,0
DA:145,0
DA:146,0
DA:151,37
DA:152,37
DA:153,37
DA:155,37
DA:156,1
DA:157,0
DA:158,0
DA:160,0
DA:166,37
DA:189,0
DA:192,0
DA:193,0
DA:245,1
DA:252,1
DA:253,17
DA:257,1
DA:262,1
LF:102
LH:68
BRDA:28,3,0,41
BRDA:28,3,1,2
BRDA:30,4,0,1
BRDA:30,4,1,1
BRDA:40,5,0,38
BRDA:40,5,1,5
BRDA:42,6,0,2
BRDA:42,6,1,3
BRDA:44,7,0,1
BRDA:44,7,1,2
BRDA:46,8,0,0
BRDA:46,8,1,2
BRDA:51,9,0,1
BRDA:51,9,1,1
BRDA:56,10,0,1
BRDA:56,10,1,0
BRDA:86,12,0,0
BRDA:86,12,1,2
BRDA:95,13,0,1
BRDA:95,13,1,0
BRDA:99,14,0,0
BRDA:99,14,1,0
BRDA:99,15,0,0
BRDA:99,15,1,0
BRDA:120,16,0,0
BRDA:120,16,1,0
BRDA:130,17,0,0
BRDA:130,17,1,0
BRDA:141,18,0,0
BRDA:141,18,1,0
BRDA:157,19,0,0
BRDA:157,19,1,0
BRDA:180,20,0,0
BRDA:180,20,1,37
BRF:34
BRH:17
end_of_record
TN:
SF:D:\sprint 3\Sprint 3-OS\app\Components\Signin\SigninForm.jsx
FN:59,validate
FN:85,renderField
FN:105,componentDidMount
FN:109,render
FN:112,handlePagesOnSubmit
FNF:5
FNH:0
FNDA:0,validate
FNDA:0,renderField
FNDA:0,componentDidMount
FNDA:0,render
FNDA:0,handlePagesOnSubmit
DA:1,1
DA:2,1
DA:5,1
DA:6,1
DA:13,1
DA:14,1
DA:19,1
DA:59,1
DA:60,0
DA:62,0
DA:63,0
DA:64,0
DA:66,0
DA:68,0
DA:69,0
DA:70,0
DA:71,0
DA:74,0
DA:75,0
DA:76,0
DA:77,0
DA:78,0
DA:79,0
DA:81,0
DA:85,1
DA:86,0
DA:89,0
DA:104,1
DA:110,0
DA:112,0
DA:113,0
DA:114,0
DA:119,0
DA:159,1
LF:34
LH:11
BRDA:68,3,0,0
BRDA:68,3,1,0
BRDA:70,4,0,0
BRDA:70,4,1,0
BRDA:74,5,0,0
BRDA:74,5,1,0
BRDA:76,6,0,0
BRDA:76,6,1,0
BRDA:78,7,0,0
BRDA:78,7,1,0
BRDA:97,8,0,0
BRDA:97,8,1,0
BRDA:97,8,2,0
BRF:13
BRH:0
end_of_record
TN:
SF:D:\sprint 3\Sprint 3-OS\app\Components\Login\Login.jsx
FN:10,Login
FN:15,(anonymous_4)
FN:20,(anonymous_5)
FN:25,(anonymous_6)
FN:30,(anonymous_7)
FN:34,render
FNF:6
FNH:0
FNDA:0,Login
FNDA:0,(anonymous_4)
FNDA:0,(anonymous_5)
FNDA:0,(anonymous_6)
FNDA:0,(anonymous_7)
FNDA:0,render
DA:1,1
DA:2,1
DA:3,1
DA:4,1
DA:5,1
DA:6,1
DA:8,1
DA:9,1
DA:10,1
DA:12,0
DA:15,0
DA:16,0
DA:17,0
DA:20,0
DA:21,0
DA:22,0
DA:25,0
DA:26,0
DA:27,0
DA:30,0
DA:31,0
DA:35,0
DA:37,0
DA:61,1
LF:24
LH:10
BRDA:38,4,0,0
BRDA:38,4,1,0
BRDA:43,5,0,0
BRDA:43,5,1,0
BRDA:49,6,0,0
BRDA:49,6,1,0
BRF:6
BRH:0
end_of_record
TN:
SF:D:\sprint 3\Sprint 3-OS\app\Components\Login\LoginPage\LoginPage.jsx
FN:10,validate
FN:36,renderField
FN:59,LoginPage
FN:66,componentDidMount
FN:70,escFunction
FN:76,render
FN:114,onClick
FN:137,mapStateToProps
FNF:8
FNH:0
FNDA:0,validate
FNDA:0,renderField
FNDA:0,LoginPage
FNDA:0,componentDidMount
FNDA:0,escFunction
FNDA:0,render
FNDA:0,onClick
FNDA:0,mapStateToProps
DA:1,1
DA:2,1
DA:3,1
DA:4,1
DA:5,1
DA:6,1
DA:7,1
DA:8,1
DA:10,1
DA:11,0
DA:13,0
DA:14,0
DA:15,0
DA:17,0
DA:19,0
DA:20,0
DA:21,0
DA:22,0
DA:25,0
DA:26,0
DA:27,0
DA:28,0
DA:29,0
DA:30,0
DA:32,0
DA:36,1
DA:37,0
DA:40,0
DA:58,1
DA:59,1
DA:61,0
DA:67,0
DA:71,0
DA:72,0
DA:77,0
DA:81,0
DA:114,0
DA:128,1
DA:135,1
DA:137,1
DA:145,1
LF:41
LH:16
BRDA:19,3,0,0
BRDA:19,3,1,0
BRDA:21,4,0,0
BRDA:21,4,1,0
BRDA:25,5,0,0
BRDA:25,5,1,0
BRDA:27,6,0,0
BRDA:27,6,1,0
BRDA:29,7,0,0
BRDA:29,7,1,0
BRDA:51,8,0,0
BRDA:51,8,1,0
BRDA:51,8,2,0
BRDA:71,10,0,0
BRDA:71,10,1,0
BRDA:136,11,0,0
BRDA:136,11,1,1
BRDA:141,12,0,0
BRDA:141,12,1,0
BRDA:142,13,0,0
BRDA:142,13,1,0
BRF:21
BRH:1
end_of_record
TN:
SF:D:\sprint 3\Sprint 3-OS\app\Components\Login\LoginOtp\LoginOtp.jsx
FN:10,LoginOtp
FN:18,render
FNF:2
FNH:0
FNDA:0,LoginOtp
FNDA:0,render
DA:1,1
DA:2,1
DA:3,1
DA:4,1
DA:9,1
DA:10,1
DA:12,0
DA:19,0
DA:22,0
DA:91,1
LF:10
LH:7
BRF:0
BRH:0
end_of_record
TN:
SF:D:\sprint 3\Sprint 3-OS\app\Components\Login\LoginOtpVerify\LoginOtpVerify.jsx
FN:15,normalizeZip
FN:23,phoneChange
FN:56,customPhoneField
FN:72,LoginOtpVerify
FN:79,(anonymous_7)
FN:89,render
FN:91,handleSubmitForm
FN:231,mapStateToProps
FNF:8
FNH:0
FNDA:0,normalizeZip
FNDA:0,phoneChange
FNDA:0,customPhoneField
FNDA:0,LoginOtpVerify
FNDA:0,(anonymous_7)
FNDA:0,render
FNDA:0,handleSubmitForm
FNDA:0,mapStateToProps
DA:2,1
DA:4,1
DA:5,1
DA:8,1
DA:9,1
DA:10,1
DA:13,1
DA:15,1
DA:16,0
DA:17,0
DA:19,0
DA:20,0
DA:23,1
DA:24,0
DA:25,0
DA:26,0
DA:27,0
DA:28,0
DA:29,0
DA:30,0
DA:31,0
DA:32,0
DA:33,0
DA:34,0
DA:35,0
DA:36,0
DA:37,0
DA:40,0
DA:41,0
DA:42,0
DA:43,0
DA:44,0
DA:45,0
DA:46,0
DA:47,0
DA:48,0
DA:49,0
DA:50,0
DA:51,0
DA:56,1
DA:57,0
DA:59,0
DA:71,1
DA:72,1
DA:74,0
DA:79,0
DA:80,0
DA:81,0
DA:82,0
DA:84,0
DA:86,0
DA:90,0
DA:91,0
DA:92,0
DA:93,0
DA:96,0
DA:224,1
DA:230,1
DA:231,1
DA:236,1
LF:60
LH:16
BRDA:16,3,0,0
BRDA:16,3,1,0
BRDA:27,4,0,0
BRDA:27,4,1,0
BRDA:28,5,0,0
BRDA:28,5,1,0
BRDA:30,6,0,0
BRDA:30,6,1,0
BRDA:32,7,0,0
BRDA:32,7,1,0
BRDA:34,8,0,0
BRDA:34,8,1,0
BRDA:36,9,0,0
BRDA:36,9,1,0
BRDA:41,10,0,0
BRDA:41,10,1,0
BRDA:42,11,0,0
BRDA:42,11,1,0
BRDA:44,12,0,0
BRDA:44,12,1,0
BRDA:46,13,0,0
BRDA:46,13,1,0
BRDA:48,14,0,0
BRDA:48,14,1,0
BRDA:50,15,0,0
BRDA:50,15,1,0
BRDA:67,16,0,0
BRDA:67,16,1,0
BRDA:67,16,2,0
BRDA:81,18,0,0
BRDA:81,18,1,0
BRF:31
BRH:0
end_of_record
TN:
SF:D:\sprint 3\Sprint 3-OS\app\Components\Signup\table.jsx
FN:4,TableInfo
FNF:1
FNH:0
FNDA:0,TableInfo
DA:1,1
DA:2,1
DA:4,1
DA:5,0
DA:57,1
LF:5
LH:4
BRF:0
BRH:0
end_of_record
TN:
SF:D:\sprint 3\Sprint 3-OS\app\reducers\LoginReducer.js
FN:1,(anonymous_1)
FNF:1
FNH:0
FNDA:0,(anonymous_1)
DA:1,1
DA:2,0
DA:3,0
DA:5,0
DA:6,0
DA:7,0
DA:10,0
DA:11,0
DA:12,0
DA:15,0
LF:10
LH:1
BRDA:1,1,0,0
BRDA:1,1,1,0
BRDA:1,2,0,0
BRDA:1,2,1,0
BRDA:4,3,0,0
BRDA:4,3,1,0
BRDA:4,3,2,0
BRF:7
BRH:1
end_of_record
TN:
SF:D:\sprint 3\Sprint 3-OS\app\Components\ForgotPassword\ForgotPasswordPopUp\ForgotPasswordPopUp.jsx
FN:13,ForgotPasswordPopUp
FN:18,(anonymous_4)
FN:24,render
FNF:3
FNH:0
FNDA:0,ForgotPasswordPopUp
FNDA:0,(anonymous_4)
FNDA:0,render
DA:1,0
DA:2,0
DA:3,0
DA:4,0
DA:5,0
DA:7,0
DA:12,0
DA:13,0
DA:15,0
DA:18,0
DA:20,0
DA:21,0
DA:25,0
DA:27,0
DA:43,0
LF:15
LH:0
BRDA:31,4,0,0
BRDA:31,4,1,0
BRF:2
BRH:0
end_of_record
TN:
SF:D:\sprint 3\Sprint 3-OS\app\Components\Govt\GovtShoppingPreference\GovtShoppingPreference.jsx
FNF:0
FNH:0
LF:0
LH:0
BRF:0
BRH:0
end_of_record
